<?xml version="1.0" encoding="UTF-8"?><TestSessionContainer xmlns="http://www.codecover.org/xml/testsession-container" Date="1689333007332" TestSessionContainerId="0a2df08a-a2e3-4c6a-bb77-f2a8c4f5b790" version="1.0">
<SrcFileList>
<SrcFile Content="public class Gioco {&#13;&#10;&#9;int[] mano;&#13;&#10;&#9;private int[] vincitori;&#13;&#10;&#9;private int vittoria;&#13;&#10;&#9;private  int controllo;&#13;&#10;&#9;&#13;&#10;&#9;&#13;&#10;&#9;public Gioco(int giocatori) {&#13;&#10;&#9;&#9;//All'inizio nessuno ha vinto&#13;&#10;&#9;&#9;this.vittoria = -1;&#13;&#10;&#9;&#9;this.mano = new int[giocatori];&#13;&#10;&#9;&#9;this.vincitori = new int[giocatori];&#13;&#10;&#9;&#9;for(int i = 0; i &lt; giocatori; i++) {&#13;&#10;&#9;&#9;&#9;this.mano[i] = 0;&#13;&#10;&#9;&#9;&#9;this.vincitori[i] = 0;&#13;&#10;&#9;&#9;}&#13;&#10;&#9;}&#13;&#10;&#9;&#13;&#10;&#9;&#13;&#10;&#9;public int giocata(int[] pescate) {&#13;&#10;&#9;&#9;if(vittoria == -1) {&#13;&#10;&#9;&#9;&#9;int i = 0;&#13;&#10;&#9;&#9;&#9;&#13;&#10;&#9;&#9;&#9;for(i = 0; i &lt; mano.length; i++) {&#13;&#10;&#9;&#9;&#9;&#9;//Se non si ha ancora perso ne vinto allora si puo pescare&#13;&#10;&#9;&#9;&#9;&#9;if(vincitori[i] == 0)&#13;&#10;&#9;&#9;&#9;&#9;&#9;mano[i] = mano[i] + pescate[i];&#13;&#10;&#9;&#9;&#9;}&#13;&#10;&#9;&#9;&#9;primoControllo();&#13;&#10;&#9;&#9;&#9;secondoControllo();&#13;&#10;&#9;&#9;}&#13;&#10;&#9;&#9;return vittoria;&#13;&#10;&#9;}&#13;&#10;&#9;&#13;&#10;&#9;&#13;&#10;&#9;public void primoControllo() {&#13;&#10;&#9;&#9;this.controllo = 0;&#13;&#10;&#9;&#9;int i = 0;&#13;&#10;&#9;&#9;&#13;&#10;&#9;&#9;for(i = 0; i &lt; mano.length; i++) {&#13;&#10;&#9;&#9;&#9;//Se in mano si ha piu di otto si perde&#13;&#10;&#9;&#9;&#9;if(mano[i] &gt; 8)&#13;&#10;&#9;&#9;&#9;&#9;vincitori[i] = - 1;&#13;&#10;&#9;&#9;&#9;//Se in mano si ha esattamente otto, si vince&#13;&#10;&#9;&#9;&#9;if(mano[i] == 8) {&#13;&#10;&#9;&#9;&#9;&#9;vincitori[i] = 1;&#13;&#10;&#9;&#9;&#9;&#9;vittoria = i + 1;&#13;&#10;&#9;&#9;&#9;}&#13;&#10;&#9;&#9;&#9;//Se in mano si ha meno di otto, si puo continuare a giocare a patto che nessuno abbia fatto esattamente otto (Controllato nel secondo metodo)&#13;&#10;&#9;&#9;&#9;if(mano[i] &lt; 8)&#13;&#10;&#9;&#9;&#9;&#9;controllo = controllo + 1; &#13;&#10;&#9;&#9;}&#13;&#10;&#9;}&#13;&#10;&#9;&#13;&#10;&#13;&#10;&#9;public void secondoControllo() {&#13;&#10;&#9;&#9;for(int i = 0; i &lt; mano.length; i++) {&#13;&#10;&#9;&#9;&#9;//Se in mano si ha meno di 8, pero qualcuno ha gia vinto allora si ha perso&#13;&#10;&#9;&#9;&#9;if(mano[i] &lt; 8 &amp;&amp; vittoria!=-1)&#13;&#10;&#9;&#9;&#9;&#9;vincitori[i] = -1;&#13;&#10;&#9;&#9;&#9;//Se in mano si ha mano di otto, pero tutti gli altri hanno tutti superato l'otto, allora si ha vinto&#13;&#10;&#9;&#9;&#9;else if(mano[i] &lt; 8 &amp;&amp; controllo == 1) {&#13;&#10;&#9;&#9;&#9;&#9;vincitori[i] = 1;&#13;&#10;&#9;&#9;&#9;&#9;vittoria = i + 1;&#13;&#10;&#9;&#9;&#9;}&#13;&#10;&#9;&#9;}&#13;&#10;&#9;}&#13;&#10;&#13;&#10;&#9;//Il metodo print viene escluso da jml per problemi di efficenza da parte del solver z3_4_3&#13;&#10;&#9;public void print() {&#13;&#10;&#9;&#9;for(int i = 0; i &lt; mano.length; i++) {&#13;&#10;&#9;&#9;&#9;if(vincitori[i] == 1)&#13;&#10;&#9;&#9;&#9;&#9;System.out.println(&quot;Giocatore &quot; + i + &quot; ha in mano: &quot; + mano[i] + &quot;-&gt; WIN!&quot;);&#13;&#10;&#9;&#9;&#9;else if(vincitori[i] == 0)&#13;&#10;&#9;&#9;&#9;&#9;System.out.println(&quot;Giocatore &quot; + i + &quot; ha in mano: &quot; + mano[i] + &quot;-&gt; PUO GIOCARE&quot;);&#13;&#10;&#9;&#9;&#9;else&#13;&#10;&#9;&#9;&#9;&#9;System.out.println(&quot;Giocatore &quot; + i + &quot; ha in mano: &quot; + mano[i] + &quot;-&gt; LOSE!&quot;);&#13;&#10;&#9;&#9;}&#13;&#10;&#9;&#9;System.out.println(&quot;\n&quot;);&#13;&#10;&#9;}&#13;&#10;}&#13;&#10;" Filename="Gioco.java" Intrnl_Id="1"/>
</SrcFileList>
<CritList>
<CritListEntry Name="org.codecover.model.utils.criteria.ConditionCoverage" PluginName="org.codecover"/>
<CritListEntry Name="org.codecover.model.utils.criteria.BranchCoverage" PluginName="org.codecover"/>
<CritListEntry Name="org.codecover.model.utils.criteria.StatementCoverage" PluginName="org.codecover"/>
</CritList>
<BoolOpList>
<BoolOp Arity="2" Intrnl_Id="2" Name="conditional and (&amp;&amp;)">
<BoolAssgnmntBoolMapList>
<MapEntry BoolAssgnmnt="02" Value="false"/>
<MapEntry BoolAssgnmnt="10" Value="false"/>
<MapEntry BoolAssgnmnt="11" Value="true"/>
</BoolAssgnmntBoolMapList>
</BoolOp>
</BoolOpList>
<HierarchyLvlTypeList>
<HierarchyLvlType EnglishName="method" IntrnlName="method" Intrnl_Id="3"/>
<HierarchyLvlType EnglishName="class" IntrnlName="class" Intrnl_Id="4"/>
<HierarchyLvlType EnglishName="default package" IntrnlName="default package" Intrnl_Id="5"/>
</HierarchyLvlTypeList>
<MASTRoot>
<HierarchyLvl HierarchyLvlId="55" HierarchyLvlTypeId="5" Intrnl_Id="6" Name="default package">
<Header/>
<LocList/>
<HierarchyLvl HierarchyLvlId="54" HierarchyLvlTypeId="4" Intrnl_Id="7" Name="Gioco">
<Header>
<Loc EndOffset="18" SrcFileId="1" StartOffset="0"/>
</Header>
<LocList>
<Loc EndOffset="2216" SrcFileId="1" StartOffset="0"/>
</LocList>
<HierarchyLvl HierarchyLvlId="49" HierarchyLvlTypeId="3" Intrnl_Id="8" Name="Gioco">
<Header>
<Loc EndOffset="147" SrcFileId="1" StartOffset="120"/>
</Header>
<LocList>
<Loc EndOffset="378" SrcFileId="1" StartOffset="120"/>
</LocList>
<StmntSeq Intrnl_Id="9">
<LocList>
<Loc EndOffset="205" SrcFileId="1" StartOffset="186"/>
<Loc EndOffset="240" SrcFileId="1" StartOffset="209"/>
<Loc EndOffset="280" SrcFileId="1" StartOffset="244"/>
<Loc EndOffset="374" SrcFileId="1" StartOffset="284"/>
</LocList>
<BasicStmnt CovItemId="S1" CovItemPrefix="Gioco.java" Intrnl_Id="10">
<LocList>
<Loc EndOffset="205" SrcFileId="1" StartOffset="186"/>
</LocList>
</BasicStmnt>
<BasicStmnt CovItemId="S2" CovItemPrefix="Gioco.java" Intrnl_Id="11">
<LocList>
<Loc EndOffset="240" SrcFileId="1" StartOffset="209"/>
</LocList>
</BasicStmnt>
<BasicStmnt CovItemId="S3" CovItemPrefix="Gioco.java" Intrnl_Id="12">
<LocList>
<Loc EndOffset="280" SrcFileId="1" StartOffset="244"/>
</LocList>
</BasicStmnt>
<LoopStmnt CovItemId="S4" CovItemPrefix="Gioco.java" Intrnl_Id="13" MltplExecId="L1-2" MltplExecPrefix="Gioco.java" NvrExecId="L1-0" NvrExecPrefix="Gioco.java" OnceExecutedId="L1-1" OnceExecutedPrefix="Gioco.java" OptBodyExec="true">
<StmntSeq Intrnl_Id="14">
<LocList>
<Loc EndOffset="342" SrcFileId="1" StartOffset="325"/>
<Loc EndOffset="369" SrcFileId="1" StartOffset="347"/>
</LocList>
<BasicStmnt CovItemId="S5" CovItemPrefix="Gioco.java" Intrnl_Id="15">
<LocList>
<Loc EndOffset="342" SrcFileId="1" StartOffset="325"/>
</LocList>
</BasicStmnt>
<BasicStmnt CovItemId="S6" CovItemPrefix="Gioco.java" Intrnl_Id="16">
<LocList>
<Loc EndOffset="369" SrcFileId="1" StartOffset="347"/>
</LocList>
</BasicStmnt>
</StmntSeq>
<Keyword EndOffset="287" SrcFileId="1" StartOffset="284"/>
<LocList>
<Loc EndOffset="374" SrcFileId="1" StartOffset="284"/>
</LocList>
<RootTerm CovItemId="C1" CovItemPrefix="Gioco.java" Intrnl_Id="17">
<BasicBoolTerm Intrnl_Id="18">
<LocList>
<Loc EndOffset="312" SrcFileId="1" StartOffset="299"/>
</LocList>
</BasicBoolTerm>
</RootTerm>
</LoopStmnt>
</StmntSeq>
</HierarchyLvl>
<HierarchyLvl HierarchyLvlId="50" HierarchyLvlTypeId="3" Intrnl_Id="19" Name="giocata">
<Header>
<Loc EndOffset="420" SrcFileId="1" StartOffset="387"/>
</Header>
<LocList>
<Loc EndOffset="715" SrcFileId="1" StartOffset="387"/>
</LocList>
<StmntSeq Intrnl_Id="20">
<LocList>
<Loc EndOffset="691" SrcFileId="1" StartOffset="426"/>
<Loc EndOffset="711" SrcFileId="1" StartOffset="695"/>
</LocList>
<CondStmnt CovItemId="S7" CovItemPrefix="Gioco.java" Intrnl_Id="21">
<Branch CovItemId="B1" CovItemPrefix="Gioco.java" Implct="false" Intrnl_Id="22">
<Cond/>
<LocList>
<Loc EndOffset="691" SrcFileId="1" StartOffset="445"/>
</LocList>
<StmntSeq Intrnl_Id="23">
<LocList>
<Loc EndOffset="461" SrcFileId="1" StartOffset="451"/>
<Loc EndOffset="640" SrcFileId="1" StartOffset="471"/>
<Loc EndOffset="662" SrcFileId="1" StartOffset="645"/>
<Loc EndOffset="686" SrcFileId="1" StartOffset="667"/>
</LocList>
<BasicStmnt CovItemId="S8" CovItemPrefix="Gioco.java" Intrnl_Id="24">
<LocList>
<Loc EndOffset="461" SrcFileId="1" StartOffset="451"/>
</LocList>
</BasicStmnt>
<LoopStmnt CovItemId="S9" CovItemPrefix="Gioco.java" Intrnl_Id="25" MltplExecId="L2-2" MltplExecPrefix="Gioco.java" NvrExecId="L2-0" NvrExecPrefix="Gioco.java" OnceExecutedId="L2-1" OnceExecutedPrefix="Gioco.java" OptBodyExec="true">
<StmntSeq Intrnl_Id="26">
<LocList>
<Loc EndOffset="634" SrcFileId="1" StartOffset="575"/>
</LocList>
<CondStmnt CovItemId="S10" CovItemPrefix="Gioco.java" Intrnl_Id="27">
<Branch CovItemId="B3" CovItemPrefix="Gioco.java" Implct="false" Intrnl_Id="28">
<Cond/>
<LocList>
<Loc EndOffset="634" SrcFileId="1" StartOffset="603"/>
</LocList>
<StmntSeq Intrnl_Id="29">
<LocList>
<Loc EndOffset="634" SrcFileId="1" StartOffset="603"/>
</LocList>
<BasicStmnt CovItemId="S11" CovItemPrefix="Gioco.java" Intrnl_Id="30">
<LocList>
<Loc EndOffset="634" SrcFileId="1" StartOffset="603"/>
</LocList>
</BasicStmnt>
</StmntSeq>
</Branch>
<Branch CovItemId="B4" CovItemPrefix="Gioco.java" Implct="true" Intrnl_Id="31">
<Cond/>
<LocList/>
<StmntSeq Intrnl_Id="32">
<LocList/>
</StmntSeq>
</Branch>
<Keyword EndOffset="577" SrcFileId="1" StartOffset="575"/>
<LocList>
<Loc EndOffset="634" SrcFileId="1" StartOffset="575"/>
</LocList>
<RootTerm CovItemId="C4" CovItemPrefix="Gioco.java" Intrnl_Id="33">
<BasicBoolTerm Intrnl_Id="34">
<LocList>
<Loc EndOffset="595" SrcFileId="1" StartOffset="578"/>
</LocList>
</BasicBoolTerm>
</RootTerm>
</CondStmnt>
</StmntSeq>
<Keyword EndOffset="474" SrcFileId="1" StartOffset="471"/>
<LocList>
<Loc EndOffset="640" SrcFileId="1" StartOffset="471"/>
</LocList>
<RootTerm CovItemId="C3" CovItemPrefix="Gioco.java" Intrnl_Id="35">
<BasicBoolTerm Intrnl_Id="36">
<LocList>
<Loc EndOffset="497" SrcFileId="1" StartOffset="482"/>
</LocList>
</BasicBoolTerm>
</RootTerm>
</LoopStmnt>
<BasicStmnt CovItemId="S12" CovItemPrefix="Gioco.java" Intrnl_Id="37">
<LocList>
<Loc EndOffset="662" SrcFileId="1" StartOffset="645"/>
</LocList>
</BasicStmnt>
<BasicStmnt CovItemId="S13" CovItemPrefix="Gioco.java" Intrnl_Id="38">
<LocList>
<Loc EndOffset="686" SrcFileId="1" StartOffset="667"/>
</LocList>
</BasicStmnt>
</StmntSeq>
</Branch>
<Branch CovItemId="B2" CovItemPrefix="Gioco.java" Implct="true" Intrnl_Id="39">
<Cond/>
<LocList/>
<StmntSeq Intrnl_Id="40">
<LocList/>
</StmntSeq>
</Branch>
<Keyword EndOffset="428" SrcFileId="1" StartOffset="426"/>
<LocList>
<Loc EndOffset="691" SrcFileId="1" StartOffset="426"/>
</LocList>
<RootTerm CovItemId="C2" CovItemPrefix="Gioco.java" Intrnl_Id="41">
<BasicBoolTerm Intrnl_Id="42">
<LocList>
<Loc EndOffset="443" SrcFileId="1" StartOffset="429"/>
</LocList>
</BasicBoolTerm>
</RootTerm>
</CondStmnt>
<BasicStmnt CovItemId="S14" CovItemPrefix="Gioco.java" Intrnl_Id="43">
<LocList>
<Loc EndOffset="711" SrcFileId="1" StartOffset="695"/>
</LocList>
</BasicStmnt>
</StmntSeq>
</HierarchyLvl>
<HierarchyLvl HierarchyLvlId="51" HierarchyLvlTypeId="3" Intrnl_Id="44" Name="primoControllo">
<Header>
<Loc EndOffset="752" SrcFileId="1" StartOffset="724"/>
</Header>
<LocList>
<Loc EndOffset="1256" SrcFileId="1" StartOffset="724"/>
</LocList>
<StmntSeq Intrnl_Id="45">
<LocList>
<Loc EndOffset="777" SrcFileId="1" StartOffset="758"/>
<Loc EndOffset="791" SrcFileId="1" StartOffset="781"/>
<Loc EndOffset="1252" SrcFileId="1" StartOffset="799"/>
</LocList>
<BasicStmnt CovItemId="S15" CovItemPrefix="Gioco.java" Intrnl_Id="46">
<LocList>
<Loc EndOffset="777" SrcFileId="1" StartOffset="758"/>
</LocList>
</BasicStmnt>
<BasicStmnt CovItemId="S16" CovItemPrefix="Gioco.java" Intrnl_Id="47">
<LocList>
<Loc EndOffset="791" SrcFileId="1" StartOffset="781"/>
</LocList>
</BasicStmnt>
<LoopStmnt CovItemId="S17" CovItemPrefix="Gioco.java" Intrnl_Id="48" MltplExecId="L3-2" MltplExecPrefix="Gioco.java" NvrExecId="L3-0" NvrExecPrefix="Gioco.java" OnceExecutedId="L3-1" OnceExecutedPrefix="Gioco.java" OptBodyExec="true">
<StmntSeq Intrnl_Id="49">
<LocList>
<Loc EndOffset="922" SrcFileId="1" StartOffset="882"/>
<Loc EndOffset="1047" SrcFileId="1" StartOffset="977"/>
<Loc EndOffset="1246" SrcFileId="1" StartOffset="1199"/>
</LocList>
<CondStmnt CovItemId="S18" CovItemPrefix="Gioco.java" Intrnl_Id="50">
<Branch CovItemId="B5" CovItemPrefix="Gioco.java" Implct="false" Intrnl_Id="51">
<Cond/>
<LocList>
<Loc EndOffset="922" SrcFileId="1" StartOffset="903"/>
</LocList>
<StmntSeq Intrnl_Id="52">
<LocList>
<Loc EndOffset="922" SrcFileId="1" StartOffset="903"/>
</LocList>
<BasicStmnt CovItemId="S19" CovItemPrefix="Gioco.java" Intrnl_Id="53">
<LocList>
<Loc EndOffset="922" SrcFileId="1" StartOffset="903"/>
</LocList>
</BasicStmnt>
</StmntSeq>
</Branch>
<Branch CovItemId="B6" CovItemPrefix="Gioco.java" Implct="true" Intrnl_Id="54">
<Cond/>
<LocList/>
<StmntSeq Intrnl_Id="55">
<LocList/>
</StmntSeq>
</Branch>
<Keyword EndOffset="884" SrcFileId="1" StartOffset="882"/>
<LocList>
<Loc EndOffset="922" SrcFileId="1" StartOffset="882"/>
</LocList>
<RootTerm CovItemId="C6" CovItemPrefix="Gioco.java" Intrnl_Id="56">
<BasicBoolTerm Intrnl_Id="57">
<LocList>
<Loc EndOffset="896" SrcFileId="1" StartOffset="885"/>
</LocList>
</BasicBoolTerm>
</RootTerm>
</CondStmnt>
<CondStmnt CovItemId="S20" CovItemPrefix="Gioco.java" Intrnl_Id="58">
<Branch CovItemId="B7" CovItemPrefix="Gioco.java" Implct="false" Intrnl_Id="59">
<Cond/>
<LocList>
<Loc EndOffset="1047" SrcFileId="1" StartOffset="994"/>
</LocList>
<StmntSeq Intrnl_Id="60">
<LocList>
<Loc EndOffset="1018" SrcFileId="1" StartOffset="1001"/>
<Loc EndOffset="1041" SrcFileId="1" StartOffset="1024"/>
</LocList>
<BasicStmnt CovItemId="S21" CovItemPrefix="Gioco.java" Intrnl_Id="61">
<LocList>
<Loc EndOffset="1018" SrcFileId="1" StartOffset="1001"/>
</LocList>
</BasicStmnt>
<BasicStmnt CovItemId="S22" CovItemPrefix="Gioco.java" Intrnl_Id="62">
<LocList>
<Loc EndOffset="1041" SrcFileId="1" StartOffset="1024"/>
</LocList>
</BasicStmnt>
</StmntSeq>
</Branch>
<Branch CovItemId="B8" CovItemPrefix="Gioco.java" Implct="true" Intrnl_Id="63">
<Cond/>
<LocList/>
<StmntSeq Intrnl_Id="64">
<LocList/>
</StmntSeq>
</Branch>
<Keyword EndOffset="979" SrcFileId="1" StartOffset="977"/>
<LocList>
<Loc EndOffset="1047" SrcFileId="1" StartOffset="977"/>
</LocList>
<RootTerm CovItemId="C7" CovItemPrefix="Gioco.java" Intrnl_Id="65">
<BasicBoolTerm Intrnl_Id="66">
<LocList>
<Loc EndOffset="992" SrcFileId="1" StartOffset="980"/>
</LocList>
</BasicBoolTerm>
</RootTerm>
</CondStmnt>
<CondStmnt CovItemId="S23" CovItemPrefix="Gioco.java" Intrnl_Id="67">
<Branch CovItemId="B9" CovItemPrefix="Gioco.java" Implct="false" Intrnl_Id="68">
<Cond/>
<LocList>
<Loc EndOffset="1246" SrcFileId="1" StartOffset="1220"/>
</LocList>
<StmntSeq Intrnl_Id="69">
<LocList>
<Loc EndOffset="1246" SrcFileId="1" StartOffset="1220"/>
</LocList>
<BasicStmnt CovItemId="S24" CovItemPrefix="Gioco.java" Intrnl_Id="70">
<LocList>
<Loc EndOffset="1246" SrcFileId="1" StartOffset="1220"/>
</LocList>
</BasicStmnt>
</StmntSeq>
</Branch>
<Branch CovItemId="B10" CovItemPrefix="Gioco.java" Implct="true" Intrnl_Id="71">
<Cond/>
<LocList/>
<StmntSeq Intrnl_Id="72">
<LocList/>
</StmntSeq>
</Branch>
<Keyword EndOffset="1201" SrcFileId="1" StartOffset="1199"/>
<LocList>
<Loc EndOffset="1246" SrcFileId="1" StartOffset="1199"/>
</LocList>
<RootTerm CovItemId="C8" CovItemPrefix="Gioco.java" Intrnl_Id="73">
<BasicBoolTerm Intrnl_Id="74">
<LocList>
<Loc EndOffset="1213" SrcFileId="1" StartOffset="1202"/>
</LocList>
</BasicBoolTerm>
</RootTerm>
</CondStmnt>
</StmntSeq>
<Keyword EndOffset="802" SrcFileId="1" StartOffset="799"/>
<LocList>
<Loc EndOffset="1252" SrcFileId="1" StartOffset="799"/>
</LocList>
<RootTerm CovItemId="C5" CovItemPrefix="Gioco.java" Intrnl_Id="75">
<BasicBoolTerm Intrnl_Id="76">
<LocList>
<Loc EndOffset="825" SrcFileId="1" StartOffset="810"/>
</LocList>
</BasicBoolTerm>
</RootTerm>
</LoopStmnt>
</StmntSeq>
</HierarchyLvl>
<HierarchyLvl HierarchyLvlId="52" HierarchyLvlTypeId="3" Intrnl_Id="77" Name="secondoControllo">
<Header>
<Loc EndOffset="1294" SrcFileId="1" StartOffset="1264"/>
</Header>
<LocList>
<Loc EndOffset="1690" SrcFileId="1" StartOffset="1264"/>
</LocList>
<StmntSeq Intrnl_Id="78">
<LocList>
<Loc EndOffset="1686" SrcFileId="1" StartOffset="1300"/>
</LocList>
<LoopStmnt CovItemId="S25" CovItemPrefix="Gioco.java" Intrnl_Id="79" MltplExecId="L4-2" MltplExecPrefix="Gioco.java" NvrExecId="L4-0" NvrExecPrefix="Gioco.java" OnceExecutedId="L4-1" OnceExecutedPrefix="Gioco.java" OptBodyExec="true">
<StmntSeq Intrnl_Id="80">
<LocList>
<Loc EndOffset="1681" SrcFileId="1" StartOffset="1423"/>
</LocList>
<CondStmnt CovItemId="S26" CovItemPrefix="Gioco.java" Intrnl_Id="81">
<Branch CovItemId="B11" CovItemPrefix="Gioco.java" Implct="false" Intrnl_Id="82">
<Cond/>
<LocList>
<Loc EndOffset="1478" SrcFileId="1" StartOffset="1460"/>
</LocList>
<StmntSeq Intrnl_Id="83">
<LocList>
<Loc EndOffset="1478" SrcFileId="1" StartOffset="1460"/>
</LocList>
<BasicStmnt CovItemId="S27" CovItemPrefix="Gioco.java" Intrnl_Id="84">
<LocList>
<Loc EndOffset="1478" SrcFileId="1" StartOffset="1460"/>
</LocList>
</BasicStmnt>
</StmntSeq>
</Branch>
<Branch CovItemId="B12" CovItemPrefix="Gioco.java" Implct="false" Intrnl_Id="85">
<Cond>
<Loc EndOffset="1593" SrcFileId="1" StartOffset="1589"/>
</Cond>
<LocList>
<Loc EndOffset="1681" SrcFileId="1" StartOffset="1594"/>
</LocList>
<StmntSeq Intrnl_Id="86">
<LocList>
<Loc EndOffset="1681" SrcFileId="1" StartOffset="1594"/>
</LocList>
<CondStmnt CovItemId="S28" CovItemPrefix="Gioco.java" Intrnl_Id="87">
<Branch CovItemId="B13" CovItemPrefix="Gioco.java" Implct="false" Intrnl_Id="88">
<Cond/>
<LocList>
<Loc EndOffset="1681" SrcFileId="1" StartOffset="1628"/>
</LocList>
<StmntSeq Intrnl_Id="89">
<LocList>
<Loc EndOffset="1652" SrcFileId="1" StartOffset="1635"/>
<Loc EndOffset="1675" SrcFileId="1" StartOffset="1658"/>
</LocList>
<BasicStmnt CovItemId="S29" CovItemPrefix="Gioco.java" Intrnl_Id="90">
<LocList>
<Loc EndOffset="1652" SrcFileId="1" StartOffset="1635"/>
</LocList>
</BasicStmnt>
<BasicStmnt CovItemId="S30" CovItemPrefix="Gioco.java" Intrnl_Id="91">
<LocList>
<Loc EndOffset="1675" SrcFileId="1" StartOffset="1658"/>
</LocList>
</BasicStmnt>
</StmntSeq>
</Branch>
<Branch CovItemId="B14" CovItemPrefix="Gioco.java" Implct="true" Intrnl_Id="92">
<Cond/>
<LocList/>
<StmntSeq Intrnl_Id="93">
<LocList/>
</StmntSeq>
</Branch>
<Keyword EndOffset="1596" SrcFileId="1" StartOffset="1594"/>
<LocList>
<Loc EndOffset="1681" SrcFileId="1" StartOffset="1594"/>
</LocList>
<RootTerm CovItemId="C11" CovItemPrefix="Gioco.java" Intrnl_Id="94">
<OpTerm BooleanOpId="2" Intrnl_Id="95">
<BasicBoolTerm Intrnl_Id="96">
<LocList>
<Loc EndOffset="1608" SrcFileId="1" StartOffset="1597"/>
</LocList>
</BasicBoolTerm>
<BasicBoolTerm Intrnl_Id="97">
<LocList>
<Loc EndOffset="1626" SrcFileId="1" StartOffset="1612"/>
</LocList>
</BasicBoolTerm>
<LocList>
<Loc EndOffset="1611" SrcFileId="1" StartOffset="1609"/>
</LocList>
</OpTerm>
</RootTerm>
</CondStmnt>
</StmntSeq>
</Branch>
<Keyword EndOffset="1425" SrcFileId="1" StartOffset="1423"/>
<LocList>
<Loc EndOffset="1681" SrcFileId="1" StartOffset="1423"/>
</LocList>
<RootTerm CovItemId="C10" CovItemPrefix="Gioco.java" Intrnl_Id="98">
<OpTerm BooleanOpId="2" Intrnl_Id="99">
<BasicBoolTerm Intrnl_Id="100">
<LocList>
<Loc EndOffset="1437" SrcFileId="1" StartOffset="1426"/>
</LocList>
</BasicBoolTerm>
<BasicBoolTerm Intrnl_Id="101">
<LocList>
<Loc EndOffset="1453" SrcFileId="1" StartOffset="1441"/>
</LocList>
</BasicBoolTerm>
<LocList>
<Loc EndOffset="1440" SrcFileId="1" StartOffset="1438"/>
</LocList>
</OpTerm>
</RootTerm>
</CondStmnt>
</StmntSeq>
<Keyword EndOffset="1303" SrcFileId="1" StartOffset="1300"/>
<LocList>
<Loc EndOffset="1686" SrcFileId="1" StartOffset="1300"/>
</LocList>
<RootTerm CovItemId="C9" CovItemPrefix="Gioco.java" Intrnl_Id="102">
<BasicBoolTerm Intrnl_Id="103">
<LocList>
<Loc EndOffset="1330" SrcFileId="1" StartOffset="1315"/>
</LocList>
</BasicBoolTerm>
</RootTerm>
</LoopStmnt>
</StmntSeq>
</HierarchyLvl>
<HierarchyLvl HierarchyLvlId="53" HierarchyLvlTypeId="3" Intrnl_Id="104" Name="print">
<Header>
<Loc EndOffset="1808" SrcFileId="1" StartOffset="1789"/>
</Header>
<LocList>
<Loc EndOffset="2213" SrcFileId="1" StartOffset="1789"/>
</LocList>
<StmntSeq Intrnl_Id="105">
<LocList>
<Loc EndOffset="2180" SrcFileId="1" StartOffset="1814"/>
<Loc EndOffset="2209" SrcFileId="1" StartOffset="2184"/>
</LocList>
<LoopStmnt CovItemId="S31" CovItemPrefix="Gioco.java" Intrnl_Id="106" MltplExecId="L5-2" MltplExecPrefix="Gioco.java" NvrExecId="L5-0" NvrExecPrefix="Gioco.java" OnceExecutedId="L5-1" OnceExecutedPrefix="Gioco.java" OptBodyExec="true">
<StmntSeq Intrnl_Id="107">
<LocList>
<Loc EndOffset="2175" SrcFileId="1" StartOffset="1857"/>
</LocList>
<CondStmnt CovItemId="S32" CovItemPrefix="Gioco.java" Intrnl_Id="108">
<Branch CovItemId="B15" CovItemPrefix="Gioco.java" Implct="false" Intrnl_Id="109">
<Cond/>
<LocList>
<Loc EndOffset="1961" SrcFileId="1" StartOffset="1884"/>
</LocList>
<StmntSeq Intrnl_Id="110">
<LocList>
<Loc EndOffset="1961" SrcFileId="1" StartOffset="1884"/>
</LocList>
<BasicStmnt CovItemId="S33" CovItemPrefix="Gioco.java" Intrnl_Id="111">
<LocList>
<Loc EndOffset="1961" SrcFileId="1" StartOffset="1884"/>
</LocList>
</BasicStmnt>
</StmntSeq>
</Branch>
<Branch CovItemId="B16" CovItemPrefix="Gioco.java" Implct="false" Intrnl_Id="112">
<Cond>
<Loc EndOffset="1970" SrcFileId="1" StartOffset="1966"/>
</Cond>
<LocList>
<Loc EndOffset="2175" SrcFileId="1" StartOffset="1971"/>
</LocList>
<StmntSeq Intrnl_Id="113">
<LocList>
<Loc EndOffset="2175" SrcFileId="1" StartOffset="1971"/>
</LocList>
<CondStmnt CovItemId="S34" CovItemPrefix="Gioco.java" Intrnl_Id="114">
<Branch CovItemId="B17" CovItemPrefix="Gioco.java" Implct="false" Intrnl_Id="115">
<Cond/>
<LocList>
<Loc EndOffset="2082" SrcFileId="1" StartOffset="1998"/>
</LocList>
<StmntSeq Intrnl_Id="116">
<LocList>
<Loc EndOffset="2082" SrcFileId="1" StartOffset="1998"/>
</LocList>
<BasicStmnt CovItemId="S35" CovItemPrefix="Gioco.java" Intrnl_Id="117">
<LocList>
<Loc EndOffset="2082" SrcFileId="1" StartOffset="1998"/>
</LocList>
</BasicStmnt>
</StmntSeq>
</Branch>
<Branch CovItemId="B18" CovItemPrefix="Gioco.java" Implct="false" Intrnl_Id="118">
<Cond>
<Loc EndOffset="2091" SrcFileId="1" StartOffset="2087"/>
</Cond>
<LocList>
<Loc EndOffset="2175" SrcFileId="1" StartOffset="2097"/>
</LocList>
<StmntSeq Intrnl_Id="119">
<LocList>
<Loc EndOffset="2175" SrcFileId="1" StartOffset="2097"/>
</LocList>
<BasicStmnt CovItemId="S36" CovItemPrefix="Gioco.java" Intrnl_Id="120">
<LocList>
<Loc EndOffset="2175" SrcFileId="1" StartOffset="2097"/>
</LocList>
</BasicStmnt>
</StmntSeq>
</Branch>
<Keyword EndOffset="1973" SrcFileId="1" StartOffset="1971"/>
<LocList>
<Loc EndOffset="2175" SrcFileId="1" StartOffset="1971"/>
</LocList>
<RootTerm CovItemId="C14" CovItemPrefix="Gioco.java" Intrnl_Id="121">
<BasicBoolTerm Intrnl_Id="122">
<LocList>
<Loc EndOffset="1991" SrcFileId="1" StartOffset="1974"/>
</LocList>
</BasicBoolTerm>
</RootTerm>
</CondStmnt>
</StmntSeq>
</Branch>
<Keyword EndOffset="1859" SrcFileId="1" StartOffset="1857"/>
<LocList>
<Loc EndOffset="2175" SrcFileId="1" StartOffset="1857"/>
</LocList>
<RootTerm CovItemId="C13" CovItemPrefix="Gioco.java" Intrnl_Id="123">
<BasicBoolTerm Intrnl_Id="124">
<LocList>
<Loc EndOffset="1877" SrcFileId="1" StartOffset="1860"/>
</LocList>
</BasicBoolTerm>
</RootTerm>
</CondStmnt>
</StmntSeq>
<Keyword EndOffset="1817" SrcFileId="1" StartOffset="1814"/>
<LocList>
<Loc EndOffset="2180" SrcFileId="1" StartOffset="1814"/>
</LocList>
<RootTerm CovItemId="C12" CovItemPrefix="Gioco.java" Intrnl_Id="125">
<BasicBoolTerm Intrnl_Id="126">
<LocList>
<Loc EndOffset="1844" SrcFileId="1" StartOffset="1829"/>
</LocList>
</BasicBoolTerm>
</RootTerm>
</LoopStmnt>
<BasicStmnt CovItemId="S37" CovItemPrefix="Gioco.java" Intrnl_Id="127">
<LocList>
<Loc EndOffset="2209" SrcFileId="1" StartOffset="2184"/>
</LocList>
</BasicStmnt>
</StmntSeq>
</HierarchyLvl>
</HierarchyLvl>
</HierarchyLvl>
</MASTRoot>
</TestSessionContainer>
