<?xml version="1.0" encoding="UTF-8"?>
<testsuite xmlns:xsi="http://www.w3.org/2001/XMLSchema-instance" xsi:noNamespaceSchemaLocation="https://maven.apache.org/surefire/maven-surefire-plugin/xsd/surefire-test-report-3.0.xsd" version="3.0" name="TestGioco" time="0.07" tests="4" errors="0" skipped="0" failures="0">
  <properties>
    <property name="java.specification.version" value="17"/>
    <property name="sun.cpu.isalist" value="amd64"/>
    <property name="sun.jnu.encoding" value="Cp1252"/>
    <property name="java.class.path" value="C:\Documenti\UniBG\Materie\Testing\Progetto_TestingCI\GiocoCarte\target\test-classes;C:\Documenti\UniBG\Materie\Testing\Progetto_TestingCI\GiocoCarte\target\classes;C:\Users\giona\.m2\repository\org\junit\jupiter\junit-jupiter\5.9.3\junit-jupiter-5.9.3.jar;C:\Users\giona\.m2\repository\org\junit\jupiter\junit-jupiter-api\5.9.3\junit-jupiter-api-5.9.3.jar;C:\Users\giona\.m2\repository\org\opentest4j\opentest4j\1.2.0\opentest4j-1.2.0.jar;C:\Users\giona\.m2\repository\org\junit\platform\junit-platform-commons\1.9.3\junit-platform-commons-1.9.3.jar;C:\Users\giona\.m2\repository\org\apiguardian\apiguardian-api\1.1.2\apiguardian-api-1.1.2.jar;C:\Users\giona\.m2\repository\org\junit\jupiter\junit-jupiter-params\5.9.3\junit-jupiter-params-5.9.3.jar;C:\Users\giona\.m2\repository\org\junit\jupiter\junit-jupiter-engine\5.9.3\junit-jupiter-engine-5.9.3.jar;C:\Users\giona\.m2\repository\org\junit\platform\junit-platform-engine\1.9.3\junit-platform-engine-1.9.3.jar;"/>
    <property name="java.vm.vendor" value="Eclipse Adoptium"/>
    <property name="sun.arch.data.model" value="64"/>
    <property name="user.variant" value=""/>
    <property name="java.vendor.url" value="https://adoptium.net/"/>
    <property name="user.timezone" value="Europe/Rome"/>
    <property name="os.name" value="Windows 11"/>
    <property name="java.vm.specification.version" value="17"/>
    <property name="sun.java.launcher" value="SUN_STANDARD"/>
    <property name="user.country" value="IT"/>
    <property name="sun.boot.library.path" value="C:\Documenti\UniBG\Programmi\tools_x_tvsw_2023\asmeta_eclipse\eclipse_latest\plugins\org.eclipse.justj.openjdk.hotspot.jre.full.win32.x86_64_17.0.7.v20230425-1502\jre\bin"/>
    <property name="sun.java.command" value="C:\Users\giona\AppData\Local\Temp\surefire6367193124599060985\surefirebooter-20230714135220024_3.jar C:\Users\giona\AppData\Local\Temp\surefire6367193124599060985 2023-07-14T13-52-19_818-jvmRun1 surefire-20230714135220024_1tmp surefire_0-20230714135220024_2tmp"/>
    <property name="jdk.debug" value="release"/>
    <property name="surefire.test.class.path" value="C:\Documenti\UniBG\Materie\Testing\Progetto_TestingCI\GiocoCarte\target\test-classes;C:\Documenti\UniBG\Materie\Testing\Progetto_TestingCI\GiocoCarte\target\classes;C:\Users\giona\.m2\repository\org\junit\jupiter\junit-jupiter\5.9.3\junit-jupiter-5.9.3.jar;C:\Users\giona\.m2\repository\org\junit\jupiter\junit-jupiter-api\5.9.3\junit-jupiter-api-5.9.3.jar;C:\Users\giona\.m2\repository\org\opentest4j\opentest4j\1.2.0\opentest4j-1.2.0.jar;C:\Users\giona\.m2\repository\org\junit\platform\junit-platform-commons\1.9.3\junit-platform-commons-1.9.3.jar;C:\Users\giona\.m2\repository\org\apiguardian\apiguardian-api\1.1.2\apiguardian-api-1.1.2.jar;C:\Users\giona\.m2\repository\org\junit\jupiter\junit-jupiter-params\5.9.3\junit-jupiter-params-5.9.3.jar;C:\Users\giona\.m2\repository\org\junit\jupiter\junit-jupiter-engine\5.9.3\junit-jupiter-engine-5.9.3.jar;C:\Users\giona\.m2\repository\org\junit\platform\junit-platform-engine\1.9.3\junit-platform-engine-1.9.3.jar;"/>
    <property name="sun.cpu.endian" value="little"/>
    <property name="user.home" value="C:\Users\giona"/>
    <property name="user.language" value="it"/>
    <property name="java.specification.vendor" value="Oracle Corporation"/>
    <property name="java.version.date" value="2023-04-18"/>
    <property name="java.home" value="C:\Documenti\UniBG\Programmi\tools_x_tvsw_2023\asmeta_eclipse\eclipse_latest\plugins\org.eclipse.justj.openjdk.hotspot.jre.full.win32.x86_64_17.0.7.v20230425-1502\jre"/>
    <property name="file.separator" value="\"/>
    <property name="style.color" value="always"/>
    <property name="basedir" value="C:\Documenti\UniBG\Materie\Testing\Progetto_TestingCI\GiocoCarte"/>
    <property name="java.vm.compressedOopsMode" value="Zero based"/>
    <property name="line.separator" value="&#10;"/>
    <property name="java.vm.specification.vendor" value="Oracle Corporation"/>
    <property name="java.specification.name" value="Java Platform API Specification"/>
    <property name="surefire.real.class.path" value="C:\Users\giona\AppData\Local\Temp\surefire6367193124599060985\surefirebooter-20230714135220024_3.jar"/>
    <property name="user.script" value=""/>
    <property name="sun.management.compiler" value="HotSpot 64-Bit Tiered Compilers"/>
    <property name="java.runtime.version" value="17.0.7+7"/>
    <property name="user.name" value="giona"/>
    <property name="path.separator" value=";"/>
    <property name="os.version" value="10.0"/>
    <property name="java.runtime.name" value="OpenJDK Runtime Environment"/>
    <property name="file.encoding" value="Cp1252"/>
    <property name="java.vm.name" value="OpenJDK 64-Bit Server VM"/>
    <property name="java.vendor.version" value="Temurin-17.0.7+7"/>
    <property name="localRepository" value="C:\Users\giona\.m2\repository"/>
    <property name="java.vendor.url.bug" value="https://github.com/adoptium/adoptium-support/issues"/>
    <property name="java.io.tmpdir" value="C:\Users\giona\AppData\Local\Temp\"/>
    <property name="java.version" value="17.0.7"/>
    <property name="user.dir" value="C:\Documenti\UniBG\Materie\Testing\Progetto_TestingCI\GiocoCarte"/>
    <property name="os.arch" value="amd64"/>
    <property name="java.vm.specification.name" value="Java Virtual Machine Specification"/>
    <property name="sun.os.patch.level" value=""/>
    <property name="native.encoding" value="Cp1252"/>
    <property name="java.library.path" value="C:\Documenti\UniBG\Programmi\tools_x_tvsw_2023\asmeta_eclipse\eclipse_latest\plugins\org.eclipse.justj.openjdk.hotspot.jre.full.win32.x86_64_17.0.7.v20230425-1502\jre\bin;C:\windows\Sun\Java\bin;C:\windows\system32;C:\windows;C:/Documenti/UniBG/Programmi/tools_x_tvsw_2023/asmeta_eclipse/eclipse_latest//plugins/org.eclipse.justj.openjdk.hotspot.jre.full.win32.x86_64_17.0.7.v20230425-1502/jre/bin/server;C:/Documenti/UniBG/Programmi/tools_x_tvsw_2023/asmeta_eclipse/eclipse_latest//plugins/org.eclipse.justj.openjdk.hotspot.jre.full.win32.x86_64_17.0.7.v20230425-1502/jre/bin;C:\Documenti\UniBG\Programmi\tools_x_tvsw_2023\asmeta_eclipse\NuSMV-2.6.0-win64\bin;C:\Program Files (x86)\Common Files\Oracle\Java\javapath;C:\windows\system32;C:\windows;C:\windows\System32\Wbem;C:\windows\System32\WindowsPowerShell\v1.0\;C:\windows\System32\OpenSSH\;C:\Program Files\Git\cmd;C:\Users\giona\AppData\Local\Microsoft\WindowsApps;C:\Users\giona\AppData\Local\Programs\Microsoft VS Code\bin;C:\Users\giona\AppData\Local\GitHubDesktop\bin;C:\Documenti\UniBG\Programmi\tools_x_tvsw_2023\asmeta_eclipse;;."/>
    <property name="java.vm.info" value="mixed mode"/>
    <property name="java.vendor" value="Eclipse Adoptium"/>
    <property name="java.vm.version" value="17.0.7+7"/>
    <property name="sun.io.unicode.encoding" value="UnicodeLittle"/>
    <property name="java.class.version" value="61.0"/>
  </properties>
  <testcase name="testCondizioni" classname="TestGioco" time="0.035">
    <system-out><![CDATA[Giocatore 0 ha in mano: 5-> PUO GIOCARE
Giocatore 1 ha in mano: 3-> PUO GIOCARE
Giocatore 2 ha in mano: 5-> PUO GIOCARE


Giocatore 0 ha in mano: 2-> LOSE!
Giocatore 1 ha in mano: 2-> LOSE!
Giocatore 2 ha in mano: 8-> WIN!


]]></system-out>
  </testcase>
  <testcase name="testMCDC" classname="TestGioco" time="0.002">
    <system-out><![CDATA[Giocatore 0 ha in mano: 5-> PUO GIOCARE
Giocatore 1 ha in mano: 3-> PUO GIOCARE
Giocatore 2 ha in mano: 5-> PUO GIOCARE


Giocatore 0 ha in mano: 2-> LOSE!
Giocatore 1 ha in mano: 2-> LOSE!
Giocatore 2 ha in mano: 8-> WIN!


]]></system-out>
  </testcase>
  <testcase name="testIstruzioni" classname="TestGioco" time="0.002">
    <system-out><![CDATA[Giocatore 0 ha in mano: 5-> PUO GIOCARE
Giocatore 1 ha in mano: 3-> PUO GIOCARE
Giocatore 2 ha in mano: 5-> PUO GIOCARE


Giocatore 0 ha in mano: 2-> LOSE!
Giocatore 1 ha in mano: 2-> LOSE!
Giocatore 2 ha in mano: 8-> WIN!


]]></system-out>
  </testcase>
  <testcase name="testBranch" classname="TestGioco" time="0.002">
    <system-out><![CDATA[Giocatore 0 ha in mano: 5-> PUO GIOCARE
Giocatore 1 ha in mano: 3-> PUO GIOCARE
Giocatore 2 ha in mano: 5-> PUO GIOCARE


Giocatore 0 ha in mano: 2-> LOSE!
Giocatore 1 ha in mano: 2-> LOSE!
Giocatore 2 ha in mano: 8-> WIN!


]]></system-out>
  </testcase>
</testsuite>